\BOOKMARK [1][-]{section.1}{\376\377\000I\000n\000t\000r\000o\000d\000u\000\347\000\343\000o}{}% 1
\BOOKMARK [1][-]{section.2}{\376\377\000F\000u\000n\000d\000a\000m\000e\000n\000t\000a\000\347\000\343\000o\000\040\000T\000e\000\363\000r\000i\000c\000a}{}% 2
\BOOKMARK [2][-]{subsection.2.1}{\376\377\000L\000i\000n\000g\000u\000a\000g\000e\000n\000s\000\040\000d\000e\000\040\000D\000e\000s\000c\000r\000i\000\347\000\343\000o\000\040\000d\000e\000\040\000H\000a\000r\000d\000w\000a\000r\000e\000\040\000\050\000H\000D\000L\000\051}{section.2}% 3
\BOOKMARK [2][-]{subsection.2.2}{\376\377\000S\000y\000s\000t\000e\000m\000V\000e\000r\000i\000l\000o\000g}{section.2}% 4
\BOOKMARK [2][-]{subsection.2.3}{\376\377\000C\000o\000n\000s\000t\000r\000u\000c\000t\000o\000s\000\040\000C\000r\000\355\000t\000i\000c\000o\000s\000\040\000e\000m\000\040\000S\000y\000s\000t\000e\000m\000V\000e\000r\000i\000l\000o\000g}{section.2}% 5
\BOOKMARK [3][-]{subsubsection.2.3.1}{\376\377\000S\000i\000n\000a\000i\000s\000,\000\040\000T\000i\000p\000o\000s\000\040\000d\000e\000\040\000D\000a\000d\000o\000s\000\040\000e\000\040\000A\000t\000r\000i\000b\000u\000i\000\347\000\365\000e\000s}{subsection.2.3}% 6
\BOOKMARK [3][-]{subsubsection.2.3.2}{\376\377\000M\000\363\000d\000u\000l\000o\000s\000,\000\040\000D\000i\000r\000e\000c\000i\000o\000n\000a\000l\000i\000d\000a\000d\000e\000\040\000e\000\040\000H\000i\000e\000r\000a\000r\000q\000u\000i\000a\000\040\000d\000e\000\040\000D\000e\000s\000i\000g\000n\000\040\000\050\000T\000o\000p\000-\000L\000e\000v\000e\000l\000\051}{subsection.2.3}% 7
\BOOKMARK [3][-]{subsubsection.2.3.3}{\376\377\000V\000e\000t\000o\000r\000e\000s\000\040\000\050\000B\000a\000r\000r\000a\000m\000e\000n\000t\000o\000s\000\051\000\040\000e\000\040\000I\000n\000d\000e\000x\000a\000\347\000\343\000o}{subsection.2.3}% 8
\BOOKMARK [3][-]{subsubsection.2.3.4}{\376\377\000R\000e\000p\000r\000e\000s\000e\000n\000t\000a\000\347\000\343\000o\000\040\000d\000e\000\040\000V\000a\000l\000o\000r\000e\000s\000\040\000e\000\040\000E\000s\000t\000a\000d\000o\000s\000\040\000L\000\363\000g\000i\000c\000o\000s}{subsection.2.3}% 9
\BOOKMARK [3][-]{subsubsection.2.3.5}{\376\377\000L\000\363\000g\000i\000c\000a\000\040\000C\000o\000m\000b\000i\000n\000a\000c\000i\000o\000n\000a\000l\000\040\000\050\000a\000l\000w\000a\000y\000s\000\137\000c\000o\000m\000b\000\051}{subsection.2.3}% 10
\BOOKMARK [3][-]{subsubsection.2.3.6}{\376\377\000O\000p\000e\000r\000a\000d\000o\000r\000e\000s\000\040\000e\000m\000\040\000N\000\355\000v\000e\000l\000\040\000R\000T\000L}{subsection.2.3}% 11
\BOOKMARK [3][-]{subsubsection.2.3.7}{\376\377\000P\000o\000r\000t\000a\000s\000\040\000B\000i\000d\000i\000r\000e\000c\000i\000o\000n\000a\000i\000s\000\040\000\050\000i\000n\000o\000u\000t\000\051\000\040\000e\000\040\000B\000u\000f\000f\000e\000r\000s\000\040\000T\000r\000i\000-\000s\000t\000a\000t\000e}{subsection.2.3}% 12
\BOOKMARK [1][-]{section.3}{\376\377\000C\000\363\000d\000i\000g\000o\000s\000\040\000d\000e\000\040\000C\000o\000r\000r\000e\000\347\000\343\000o\000\040\000d\000e\000\040\000E\000r\000r\000o\000s\000\040\000\050\000E\000C\000C\000\051}{}% 13
\BOOKMARK [2][-]{subsection.3.1}{\376\377\000C\000o\000n\000c\000e\000i\000t\000o\000s\000\040\000G\000e\000r\000a\000i\000s\000\040\000d\000e\000\040\000I\000n\000t\000e\000g\000r\000i\000d\000a\000d\000e\000\040\000d\000e\000\040\000D\000a\000d\000o\000s}{section.3}% 14
\BOOKMARK [3][-]{subsubsection.3.1.1}{\376\377\000I\000n\000t\000r\000o\000d\000u\000\347\000\343\000o\000\040\000\340\000\040\000C\000o\000n\000f\000i\000a\000b\000i\000l\000i\000d\000a\000d\000e\000\040\000e\000m\000\040\000M\000e\000m\000\363\000r\000i\000a}{subsection.3.1}% 15
\BOOKMARK [3][-]{subsubsection.3.1.2}{\376\377\000F\000u\000n\000d\000a\000m\000e\000n\000t\000a\000\347\000\343\000o\000\040\000T\000e\000\363\000r\000i\000c\000a\000:\000\040\000D\000o\000\040\000B\000i\000t\000\040\000d\000e\000\040\000P\000a\000r\000i\000d\000a\000d\000e\000\040\000a\000o\000\040\000C\000\363\000d\000i\000g\000o\000\040\000d\000e\000\040\000H\000a\000m\000m\000i\000n\000g}{subsection.3.1}% 16
\BOOKMARK [3][-]{subsubsection.3.1.3}{\376\377\000F\000l\000u\000x\000o\000\040\000O\000p\000e\000r\000a\000c\000i\000o\000n\000a\000l\000\040\000d\000e\000\040\000C\000o\000d\000i\000f\000i\000c\000a\000\347\000\343\000o\000\040\000e\000\040\000D\000e\000c\000o\000d\000i\000f\000i\000c\000a\000\347\000\343\000o}{subsection.3.1}% 17
\BOOKMARK [2][-]{subsection.3.2}{\376\377\000M\000a\000t\000r\000i\000x\000\040\000R\000e\000g\000i\000o\000n\000\040\000S\000e\000l\000e\000c\000t\000i\000o\000n\000\040\000C\000o\000d\000e\000\040\000\050\000M\000R\000S\000C\000\051}{section.3}% 18
\BOOKMARK [3][-]{subsubsection.3.2.1}{\376\377\000D\000e\000f\000i\000n\000i\000\347\000\343\000o\000\040\000T\000e\000\363\000r\000i\000c\000a\000\040\000e\000\040\000F\000o\000r\000m\000u\000l\000a\000\347\000\343\000o\000\040\000M\000a\000t\000e\000m\000\341\000t\000i\000c\000a}{subsection.3.2}% 19
\BOOKMARK [3][-]{subsubsection.3.2.2}{\376\377\000E\000x\000e\000m\000p\000l\000o\000\040\000d\000e\000\040\000C\000o\000d\000i\000f\000i\000c\000a\000\347\000\343\000o\000\040\000e\000\040\000D\000e\000c\000o\000d\000i\000f\000i\000c\000a\000\347\000\343\000o}{subsection.3.2}% 20
\BOOKMARK [3][-]{subsubsection.3.2.3}{\376\377\000A\000n\000\341\000l\000i\000s\000e\000\040\000d\000e\000\040\000V\000a\000n\000t\000a\000g\000e\000n\000s\000\040\000e\000\040\000D\000e\000s\000v\000a\000n\000t\000a\000g\000e\000n\000s}{subsection.3.2}% 21
\BOOKMARK [2][-]{subsection.3.3}{\376\377\000T\000r\000i\000p\000l\000e\000\040\000B\000u\000r\000s\000t\000\040\000E\000r\000r\000o\000r\000\040\000C\000o\000r\000r\000e\000c\000t\000i\000o\000n\000\040\000B\000a\000s\000e\000d\000\040\000o\000n\000\040\000R\000e\000g\000i\000o\000n\000\040\000S\000e\000l\000e\000c\000t\000i\000o\000n\000\040\000C\000o\000d\000e\000\040\000\050\000T\000B\000E\000C\000-\000R\000S\000C\000\051}{section.3}% 22
\BOOKMARK [3][-]{subsubsection.3.3.1}{\376\377\000D\000e\000f\000i\000n\000i\000\347\000\343\000o\000\040\000T\000e\000\363\000r\000i\000c\000a\000\040\000e\000\040\000F\000o\000r\000m\000u\000l\000a\000\347\000\343\000o\000\040\000M\000a\000t\000e\000m\000\341\000t\000i\000c\000a}{subsection.3.3}% 23
\BOOKMARK [1][-]{section.4}{\376\377\000R\000e\000q\000u\000i\000s\000i\000t\000o\000s\000\040\000d\000o\000\040\000P\000r\000o\000j\000e\000t\000o\000\040\000e\000\040\000A\000m\000b\000i\000e\000n\000t\000e\000\040\000d\000e\000\040\000T\000e\000s\000t\000e}{}% 24
\BOOKMARK [2][-]{subsection.4.1}{\376\377\000E\000s\000p\000e\000c\000i\000f\000i\000c\000a\000\347\000\365\000e\000s\000\040\000d\000e\000\040\000H\000a\000r\000d\000w\000a\000r\000e\000\040\000e\000\040\000P\000l\000a\000c\000a\000\040\000A\000l\000v\000o}{section.4}% 25
\BOOKMARK [2][-]{subsection.4.2}{\376\377\000C\000e\000n\000\341\000r\000i\000o\000s\000\040\000d\000e\000\040\000V\000a\000l\000i\000d\000a\000\347\000\343\000o\000\040\000e\000\040\000R\000e\000q\000u\000i\000s\000i\000t\000o\000s\000\040\000d\000e\000\040\000T\000e\000s\000t\000e}{section.4}% 26
\BOOKMARK [1][-]{section.5}{\376\377\000A\000r\000q\000u\000i\000t\000e\000t\000u\000r\000a\000\040\000d\000o\000\040\000H\000a\000r\000d\000w\000a\000r\000e\000\040\000e\000\040\000I\000m\000p\000l\000e\000m\000e\000n\000t\000a\000\347\000\343\000o\000\040\000\050\000A\000b\000o\000r\000d\000a\000g\000e\000m\000\040\000B\000o\000t\000t\000o\000m\000-\000U\000p\000\051}{}% 27
\BOOKMARK [2][-]{subsection.5.1}{\376\377\000N\000\355\000v\000e\000l\000\040\0001\000:\000\040\000C\000o\000d\000e\000c\000s\000\040\000I\000n\000d\000i\000v\000i\000d\000u\000a\000i\000s}{section.5}% 28
\BOOKMARK [3][-]{subsubsection.5.1.1}{\376\377\000C\000o\000d\000i\000f\000i\000c\000a\000d\000o\000r\000\040\000e\000\040\000D\000e\000c\000o\000d\000i\000f\000i\000c\000a\000d\000o\000r\000\040\000M\000R\000S\000C}{subsection.5.1}% 29
\BOOKMARK [3][-]{subsubsection.5.1.2}{\376\377\000C\000o\000d\000i\000f\000i\000c\000a\000d\000o\000r\000\040\000e\000\040\000D\000e\000c\000o\000d\000i\000f\000i\000c\000a\000d\000o\000r\000\040\000T\000B\000E\000C\000-\000R\000S\000C}{subsection.5.1}% 30
\BOOKMARK [2][-]{subsection.5.2}{\376\377\000N\000\355\000v\000e\000l\000\040\0002\000:\000\040\000M\000u\000l\000t\000i\000p\000l\000e\000x\000a\000d\000o\000r\000\040\000d\000e\000\040\000E\000C\000C\000\040\000\050\000e\000c\000c\000\137\000d\000e\000s\000i\000g\000n\000\051}{section.5}% 31
\BOOKMARK [2][-]{subsection.5.3}{\376\377\000N\000\355\000v\000e\000l\000\040\0003\000:\000\040\000M\000\363\000d\000u\000l\000o\000\040\000T\000o\000p\000-\000L\000e\000v\000e\000l\000\040\000\050\000f\000p\000g\000a\000\137\000t\000o\000p\000\137\000d\000e\000s\000i\000g\000n\000\051}{section.5}% 32
\BOOKMARK [2][-]{subsection.5.4}{\376\377\000F\000l\000u\000x\000o\000s\000\040\000C\000r\000\355\000t\000i\000c\000o\000s\000\040\000d\000e\000\040\000S\000i\000n\000c\000r\000o\000n\000i\000s\000m\000o}{section.5}% 33
\BOOKMARK [3][-]{subsubsection.5.4.1}{\376\377\000F\000l\000u\000x\000o\000\040\000d\000e\000\040\000O\000p\000e\000r\000a\000\347\000\343\000o\000\040\000d\000e\000\040\000E\000s\000c\000r\000i\000t\000a\000\040\000\050\000W\000r\000i\000t\000e\000\040\000F\000l\000o\000w\000\051}{subsection.5.4}% 34
\BOOKMARK [3][-]{subsubsection.5.4.2}{\376\377\000F\000l\000u\000x\000o\000\040\000d\000e\000\040\000O\000p\000e\000r\000a\000\347\000\343\000o\000\040\000d\000e\000\040\000L\000e\000i\000t\000u\000r\000a\000\040\000\050\000R\000e\000a\000d\000\040\000F\000l\000o\000w\000\051}{subsection.5.4}% 35
\BOOKMARK [2][-]{subsection.5.5}{\376\377\000D\000i\000a\000g\000r\000a\000m\000a\000\040\000d\000e\000\040\000B\000l\000o\000c\000o\000s\000\040\000E\000s\000t\000r\000u\000t\000u\000r\000a\000l}{section.5}% 36
\BOOKMARK [1][-]{section.6}{\376\377\000C\000o\000n\000t\000r\000o\000l\000e\000\040\000E\000x\000t\000e\000r\000n\000o\000\040\000e\000\040\000I\000n\000t\000e\000r\000f\000a\000c\000e\000\040\000c\000o\000m\000\040\000P\000e\000r\000i\000f\000\351\000r\000i\000c\000o\000s}{}% 37
\BOOKMARK [2][-]{subsection.6.1}{\376\377\000I\000n\000t\000e\000g\000r\000a\000\347\000\343\000o\000\040\000c\000o\000m\000\040\000M\000i\000c\000r\000o\000c\000o\000n\000t\000r\000o\000l\000a\000d\000o\000r\000\040\000\050\000S\000T\000M\0003\0002\000\051}{section.6}% 38
\BOOKMARK [2][-]{subsection.6.2}{\376\377\000I\000n\000t\000e\000r\000f\000a\000c\000e\000\040\000c\000o\000m\000\040\000M\000e\000m\000\363\000r\000i\000a\000\040\000E\000x\000t\000e\000r\000n\000a\000\040\000\050\000S\000R\000A\000M\000\051}{section.6}% 39
\BOOKMARK [1][-]{section.7}{\376\377\000R\000e\000s\000u\000l\000t\000a\000d\000o\000s\000\040\000e\000\040\000C\000o\000n\000s\000i\000d\000e\000r\000a\000\347\000\365\000e\000s\000\040\000F\000i\000n\000a\000i\000s}{}% 40
\BOOKMARK [1][-]{section.8}{\376\377\000T\000u\000t\000o\000r\000i\000a\000l\000:\000\040\000G\000r\000a\000v\000a\000\347\000\343\000o\000\040\000d\000o\000\040\000B\000i\000t\000s\000t\000r\000e\000a\000m\000\040\000n\000a\000\040\000F\000P\000G\000A\000\040\000c\000o\000m\000\040\000o\000\040\000L\000i\000b\000e\000r\000o\000\040\000S\000o\000C\000\040\0002\0000\0002\0005\000.\0002}{}% 41
\BOOKMARK [2][-]{subsection.8.1}{\376\377\000A\000b\000e\000r\000t\000u\000r\000a\000\040\000d\000o\000\040\000P\000r\000o\000j\000e\000t\000o\000\040\000n\000o\000\040\000L\000i\000b\000e\000r\000o\000\040\000S\000o\000C}{section.8}% 42
\BOOKMARK [2][-]{subsection.8.2}{\376\377\000S\000\355\000n\000t\000e\000s\000e\000\040\000d\000o\000\040\000D\000e\000s\000i\000g\000n}{section.8}% 43
\BOOKMARK [2][-]{subsection.8.3}{\376\377\000P\000l\000a\000c\000e\000\040\000a\000n\000d\000\040\000R\000o\000u\000t\000e}{section.8}% 44
\BOOKMARK [2][-]{subsection.8.4}{\376\377\000G\000e\000r\000a\000\347\000\343\000o\000\040\000d\000o\000\040\000B\000i\000t\000s\000t\000r\000e\000a\000m}{section.8}% 45
\BOOKMARK [2][-]{subsection.8.5}{\376\377\000S\000e\000l\000e\000\347\000\343\000o\000\040\000d\000o\000\040\000P\000r\000o\000g\000r\000a\000m\000a\000d\000o\000r\000\040\000\050\000F\000l\000a\000s\000h\000P\000r\000o\000\051\000\040\000e\000\040\000G\000r\000a\000v\000a\000\347\000\343\000o}{section.8}% 46
\BOOKMARK [2][-]{subsection.8.6}{\376\377\000R\000e\000s\000u\000m\000o\000\040\000d\000o\000\040\000F\000l\000u\000x\000o}{section.8}% 47
\BOOKMARK [2][-]{subsection.8.7}{\376\377\000C\000r\000i\000a\000\347\000\343\000o\000\040\000d\000e\000\040\000u\000m\000\040\000N\000o\000v\000o\000\040\000P\000r\000o\000j\000e\000t\000o\000\040\000n\000o\000\040\000L\000i\000b\000e\000r\000o\000\040\000S\000o\000C}{section.8}% 48
\BOOKMARK [3][-]{subsubsection.8.7.1}{\376\377\000P\000\341\000g\000i\000n\000a\000\040\000d\000e\000\040\000B\000o\000a\000s\000-\000V\000i\000n\000d\000a\000s}{subsection.8.7}% 49
\BOOKMARK [3][-]{subsubsection.8.7.2}{\376\377\000D\000e\000t\000a\000l\000h\000e\000s\000\040\000d\000o\000\040\000P\000r\000o\000j\000e\000t\000o\000\040\000\050\000P\000r\000o\000j\000e\000c\000t\000\040\000D\000e\000t\000a\000i\000l\000s\000\051}{subsection.8.7}% 50
\BOOKMARK [3][-]{subsubsection.8.7.3}{\376\377\000S\000e\000l\000e\000\347\000\343\000o\000\040\000d\000o\000\040\000D\000i\000s\000p\000o\000s\000i\000t\000i\000v\000o\000\040\000\050\000D\000e\000v\000i\000c\000e\000\040\000S\000e\000l\000e\000c\000t\000i\000o\000n\000\051}{subsection.8.7}% 51
\BOOKMARK [3][-]{subsubsection.8.7.4}{\376\377\000C\000o\000n\000f\000i\000g\000u\000r\000a\000\347\000\365\000e\000s\000\040\000d\000o\000\040\000D\000i\000s\000p\000o\000s\000i\000t\000i\000v\000o\000\040\000\050\000D\000e\000v\000i\000c\000e\000\040\000S\000e\000t\000t\000i\000n\000g\000s\000\051}{subsection.8.7}% 52
\BOOKMARK [3][-]{subsubsection.8.7.5}{\376\377\000M\000o\000d\000e\000l\000o\000\040\000d\000e\000\040\000D\000e\000s\000i\000g\000n\000\040\000\050\000D\000e\000s\000i\000g\000n\000\040\000T\000e\000m\000p\000l\000a\000t\000e\000\051}{subsection.8.7}% 53
\BOOKMARK [3][-]{subsubsection.8.7.6}{\376\377\000I\000m\000p\000o\000r\000t\000a\000\347\000\343\000o\000\040\000d\000o\000s\000\040\000A\000r\000q\000u\000i\000v\000o\000s\000-\000F\000o\000n\000t\000e\000\040\000\050\000A\000d\000d\000\040\000H\000D\000L\000\040\000S\000o\000u\000r\000c\000e\000s\000\051}{subsection.8.7}% 54
\BOOKMARK [3][-]{subsubsection.8.7.7}{\376\377\000D\000e\000f\000i\000n\000i\000\347\000\343\000o\000\040\000d\000o\000\040\000M\000\363\000d\000u\000l\000o\000\040\000d\000e\000\040\000T\000o\000p\000o\000\040\000\050\000S\000e\000t\000\040\000A\000s\000\040\000R\000o\000o\000t\000\051}{subsection.8.7}% 55
\BOOKMARK [3][-]{subsubsection.8.7.8}{\376\377\000S\000\355\000n\000t\000e\000s\000e\000\040\000I\000n\000i\000c\000i\000a\000l\000\040\000e\000\040\000V\000e\000r\000i\000f\000i\000c\000a\000\347\000\343\000o\000\040\000d\000a\000s\000\040\000C\000o\000n\000s\000t\000r\000a\000i\000n\000t\000s}{subsection.8.7}% 56
\BOOKMARK [3][-]{subsubsection.8.7.9}{\376\377\000A\000b\000e\000r\000t\000u\000r\000a\000\040\000d\000o\000\040\000I\000/\000O\000\040\000E\000d\000i\000t\000o\000r}{subsection.8.7}% 57
\BOOKMARK [3][-]{subsubsection.8.7.10}{\376\377\000A\000t\000r\000i\000b\000u\000i\000\347\000\343\000o\000\040\000d\000o\000s\000\040\000P\000i\000n\000o\000s\000\040\000n\000o\000\040\000I\000/\000O\000\040\000E\000d\000i\000t\000o\000r}{subsection.8.7}% 58
\BOOKMARK [3][-]{subsubsection.8.7.11}{\376\377\000C\000o\000n\000t\000i\000n\000u\000a\000\347\000\343\000o\000\040\000d\000o\000\040\000F\000l\000u\000x\000o\000\040\000a\000\040\000p\000a\000r\000t\000i\000r\000\040\000d\000o\000\040\000P\000l\000a\000c\000e\000\040\000a\000n\000d\000\040\000R\000o\000u\000t\000e}{subsection.8.7}% 59
